# JRE version: OpenJDK Runtime Environment Temurin-21.0.6+7 (21.0.6+7) (build 21.0.6+7-LTS)
# Java VM: OpenJDK 64-Bit Server VM Temurin-21.0.6+7 (21.0.6+7-LTS, mixed mode, sharing, tiered, compressed oops, compressed class ptrs, parallel gc, windows-amd64)
GC Precious Log:
 CardTable entry size: 512
 CPUs: 24 total, 24 available
 Memory: 32474M
 Large Page Support: Disabled
 NUMA Support: Disabled
 Compressed Oops: Enabled (32-bit)
 Alignments: Space 512K, Generation 512K, Heap 2M
 Heap Min Capacity: 100M
 Heap Initial Capacity: 100M
 Heap Max Capacity: 1G
 Pre-touch: Disabled
 Parallel Workers: 18
Heap:
 PSYoungGen      total 4096K, used 1968K [0x00000000eab00000, 0x00000000eb080000, 0x0000000100000000)
  eden space 3072K, 45% used [0x00000000eab00000,0x00000000eac5c1e0,0x00000000eae00000)
  from space 1024K, 56% used [0x00000000eaf80000,0x00000000eb010000,0x00000000eb080000)
  to   space 1024K, 0% used [0x00000000eae00000,0x00000000eae00000,0x00000000eaf00000)
 ParOldGen       total 529920K, used 529739K [0x00000000c0000000, 0x00000000e0580000, 0x00000000eab00000)
  object space 529920K, 99% used [0x00000000c0000000,0x00000000e0552fb0,0x00000000e0580000)
 Metaspace       used 74480K, committed 76096K, reserved 1179648K
  class space    used 7854K, committed 8640K, reserved 1048576K
GC Heap History (20 events):
Event: 233.461 GC heap before
{Heap before GC invocations=1427 (full 3):
 PSYoungGen      total 4096K, used 3519K [0x00000000eab00000, 0x00000000eb000000, 0x0000000100000000)
  eden space 3072K, 99% used [0x00000000eab00000,0x00000000eadfffe0,0x00000000eae00000)
  from space 1024K, 43% used [0x00000000eaf00000,0x00000000eaf70000,0x00000000eb000000)
  to   space 1024K, 0% used [0x00000000eae00000,0x00000000eae00000,0x00000000eaf00000)
 ParOldGen       total 527360K, used 527350K [0x00000000c0000000, 0x00000000e0300000, 0x00000000eab00000)
  object space 527360K, 99% used [0x00000000c0000000,0x00000000e02fdb60,0x00000000e0300000)
 Metaspace       used 74102K, committed 75776K, reserved 1179648K
  class space    used 7812K, committed 8576K, reserved 1048576K
}
Event: 233.461 GC heap after
{Heap after GC invocations=1427 (full 3):
 PSYoungGen      total 4096K, used 868K [0x00000000eab00000, 0x00000000eb000000, 0x0000000100000000)
  eden space 3072K, 0% used [0x00000000eab00000,0x00000000eab00000,0x00000000eae00000)
  from space 1024K, 84% used [0x00000000eae00000,0x00000000eaed9210,0x00000000eaf00000)
  to   space 1024K, 0% used [0x00000000eaf00000,0x00000000eaf00000,0x00000000eb000000)
 ParOldGen       total 527872K, used 527526K [0x00000000c0000000, 0x00000000e0380000, 0x00000000eab00000)
  object space 527872K, 99% used [0x00000000c0000000,0x00000000e0329b60,0x00000000e0380000)
 Metaspace       used 74102K, committed 75776K, reserved 1179648K
  class space    used 7812K, committed 8576K, reserved 1048576K
}
Event: 233.465 GC heap before
{Heap before GC invocations=1428 (full 3):
 PSYoungGen      total 4096K, used 3940K [0x00000000eab00000, 0x00000000eb000000, 0x0000000100000000)
  eden space 3072K, 100% used [0x00000000eab00000,0x00000000eae00000,0x00000000eae00000)
  from space 1024K, 84% used [0x00000000eae00000,0x00000000eaed9210,0x00000000eaf00000)
  to   space 1024K, 0% used [0x00000000eaf00000,0x00000000eaf00000,0x00000000eb000000)
 ParOldGen       total 527872K, used 527526K [0x00000000c0000000, 0x00000000e0380000, 0x00000000eab00000)
  object space 527872K, 99% used [0x00000000c0000000,0x00000000e0329b60,0x00000000e0380000)
 Metaspace       used 74102K, committed 75776K, reserved 1179648K
  class space    used 7812K, committed 8576K, reserved 1048576K
}
Event: 233.466 GC heap after
{Heap after GC invocations=1428 (full 3):
 PSYoungGen      total 4096K, used 576K [0x00000000eab00000, 0x00000000eb000000, 0x0000000100000000)
  eden space 3072K, 0% used [0x00000000eab00000,0x00000000eab00000,0x00000000eae00000)
  from space 1024K, 56% used [0x00000000eaf00000,0x00000000eaf90000,0x00000000eb000000)
  to   space 1024K, 0% used [0x00000000eae00000,0x00000000eae00000,0x00000000eaf00000)
 ParOldGen       total 527872K, used 527771K [0x00000000c0000000, 0x00000000e0380000, 0x00000000eab00000)
  object space 527872K, 99% used [0x00000000c0000000,0x00000000e0366d60,0x00000000e0380000)
 Metaspace       used 74102K, committed 75776K, reserved 1179648K
  class space    used 7812K, committed 8576K, reserved 1048576K
}
Event: 233.470 GC heap before
{Heap before GC invocations=1429 (full 3):
 PSYoungGen      total 4096K, used 3648K [0x00000000eab00000, 0x00000000eb000000, 0x0000000100000000)
  eden space 3072K, 100% used [0x00000000eab00000,0x00000000eae00000,0x00000000eae00000)
  from space 1024K, 56% used [0x00000000eaf00000,0x00000000eaf90000,0x00000000eb000000)
  to   space 1024K, 0% used [0x00000000eae00000,0x00000000eae00000,0x00000000eaf00000)
 ParOldGen       total 527872K, used 527771K [0x00000000c0000000, 0x00000000e0380000, 0x00000000eab00000)
  object space 527872K, 99% used [0x00000000c0000000,0x00000000e0366d60,0x00000000e0380000)
 Metaspace       used 74102K, committed 75776K, reserved 1179648K
  class space    used 7812K, committed 8576K, reserved 1048576K
}
Event: 233.470 GC heap after
{Heap after GC invocations=1429 (full 3):
 PSYoungGen      total 4096K, used 688K [0x00000000eab00000, 0x00000000eb000000, 0x0000000100000000)
  eden space 3072K, 0% used [0x00000000eab00000,0x00000000eab00000,0x00000000eae00000)
  from space 1024K, 67% used [0x00000000eae00000,0x00000000eaeac010,0x00000000eaf00000)
  to   space 1024K, 0% used [0x00000000eaf00000,0x00000000eaf00000,0x00000000eb000000)
 ParOldGen       total 528384K, used 527951K [0x00000000c0000000, 0x00000000e0400000, 0x00000000eab00000)
  object space 528384K, 99% used [0x00000000c0000000,0x00000000e0393f60,0x00000000e0400000)
 Metaspace       used 74102K, committed 75776K, reserved 1179648K
  class space    used 7812K, committed 8576K, reserved 1048576K
}
Event: 235.190 GC heap before
{Heap before GC invocations=1430 (full 3):
 PSYoungGen      total 4096K, used 3760K [0x00000000eab00000, 0x00000000eb000000, 0x0000000100000000)
  eden space 3072K, 100% used [0x00000000eab00000,0x00000000eae00000,0x00000000eae00000)
  from space 1024K, 67% used [0x00000000eae00000,0x00000000eaeac010,0x00000000eaf00000)
  to   space 1024K, 0% used [0x00000000eaf00000,0x00000000eaf00000,0x00000000eb000000)
 ParOldGen       total 528384K, used 527951K [0x00000000c0000000, 0x00000000e0400000, 0x00000000eab00000)
  object space 528384K, 99% used [0x00000000c0000000,0x00000000e0393f60,0x00000000e0400000)
 Metaspace       used 74133K, committed 75776K, reserved 1179648K
  class space    used 7813K, committed 8576K, reserved 1048576K
}
Event: 235.190 GC heap after
{Heap after GC invocations=1430 (full 3):
 PSYoungGen      total 4096K, used 480K [0x00000000eab00000, 0x00000000eb000000, 0x0000000100000000)
  eden space 3072K, 0% used [0x00000000eab00000,0x00000000eab00000,0x00000000eae00000)
  from space 1024K, 46% used [0x00000000eaf00000,0x00000000eaf78000,0x00000000eb000000)
  to   space 1024K, 0% used [0x00000000eae00000,0x00000000eae00000,0x00000000eaf00000)
 ParOldGen       total 528384K, used 528079K [0x00000000c0000000, 0x00000000e0400000, 0x00000000eab00000)
  object space 528384K, 99% used [0x00000000c0000000,0x00000000e03b3f60,0x00000000e0400000)
 Metaspace       used 74133K, committed 75776K, reserved 1179648K
  class space    used 7813K, committed 8576K, reserved 1048576K
}
Event: 301.758 GC heap before
{Heap before GC invocations=1431 (full 3):
 PSYoungGen      total 4096K, used 3552K [0x00000000eab00000, 0x00000000eb000000, 0x0000000100000000)
  eden space 3072K, 100% used [0x00000000eab00000,0x00000000eae00000,0x00000000eae00000)
  from space 1024K, 46% used [0x00000000eaf00000,0x00000000eaf78000,0x00000000eb000000)
  to   space 1024K, 0% used [0x00000000eae00000,0x00000000eae00000,0x00000000eaf00000)
 ParOldGen       total 528384K, used 528079K [0x00000000c0000000, 0x00000000e0400000, 0x00000000eab00000)
  object space 528384K, 99% used [0x00000000c0000000,0x00000000e03b3f60,0x00000000e0400000)
 Metaspace       used 74172K, committed 75776K, reserved 1179648K
  class space    used 7814K, committed 8576K, reserved 1048576K
}
Event: 301.759 GC heap after
{Heap after GC invocations=1431 (full 3):
 PSYoungGen      total 4096K, used 464K [0x00000000eab00000, 0x00000000eaf80000, 0x0000000100000000)
  eden space 3072K, 0% used [0x00000000eab00000,0x00000000eab00000,0x00000000eae00000)
  from space 1024K, 45% used [0x00000000eae00000,0x00000000eae74010,0x00000000eaf00000)
  to   space 512K, 0% used [0x00000000eaf00000,0x00000000eaf00000,0x00000000eaf80000)
 ParOldGen       total 528384K, used 528199K [0x00000000c0000000, 0x00000000e0400000, 0x00000000eab00000)
  object space 528384K, 99% used [0x00000000c0000000,0x00000000e03d1f70,0x00000000e0400000)
 Metaspace       used 74172K, committed 75776K, reserved 1179648K
  class space    used 7814K, committed 8576K, reserved 1048576K
}
Event: 302.822 GC heap before
{Heap before GC invocations=1432 (full 3):
 PSYoungGen      total 4096K, used 3536K [0x00000000eab00000, 0x00000000eaf80000, 0x0000000100000000)
  eden space 3072K, 100% used [0x00000000eab00000,0x00000000eae00000,0x00000000eae00000)
  from space 1024K, 45% used [0x00000000eae00000,0x00000000eae74010,0x00000000eaf00000)
  to   space 512K, 0% used [0x00000000eaf00000,0x00000000eaf00000,0x00000000eaf80000)
 ParOldGen       total 528384K, used 528199K [0x00000000c0000000, 0x00000000e0400000, 0x00000000eab00000)
  object space 528384K, 99% used [0x00000000c0000000,0x00000000e03d1f70,0x00000000e0400000)
 Metaspace       used 74179K, committed 75840K, reserved 1179648K
  class space    used 7814K, committed 8576K, reserved 1048576K
}
Event: 302.823 GC heap after
{Heap after GC invocations=1432 (full 3):
 PSYoungGen      total 3584K, used 224K [0x00000000eab00000, 0x00000000eaf80000, 0x0000000100000000)
  eden space 3072K, 0% used [0x00000000eab00000,0x00000000eab00000,0x00000000eae00000)
  from space 512K, 43% used [0x00000000eaf00000,0x00000000eaf38000,0x00000000eaf80000)
  to   space 512K, 0% used [0x00000000eae80000,0x00000000eae80000,0x00000000eaf00000)
 ParOldGen       total 528896K, used 528407K [0x00000000c0000000, 0x00000000e0480000, 0x00000000eab00000)
  object space 528896K, 99% used [0x00000000c0000000,0x00000000e0405fc0,0x00000000e0480000)
 Metaspace       used 74179K, committed 75840K, reserved 1179648K
  class space    used 7814K, committed 8576K, reserved 1048576K
}
Event: 318.995 GC heap before
{Heap before GC invocations=1433 (full 3):
 PSYoungGen      total 3584K, used 3275K [0x00000000eab00000, 0x00000000eaf80000, 0x0000000100000000)
  eden space 3072K, 99% used [0x00000000eab00000,0x00000000eadfaf48,0x00000000eae00000)
  from space 512K, 43% used [0x00000000eaf00000,0x00000000eaf38000,0x00000000eaf80000)
  to   space 512K, 0% used [0x00000000eae80000,0x00000000eae80000,0x00000000eaf00000)
 ParOldGen       total 528896K, used 528407K [0x00000000c0000000, 0x00000000e0480000, 0x00000000eab00000)
  object space 528896K, 99% used [0x00000000c0000000,0x00000000e0405fc0,0x00000000e0480000)
 Metaspace       used 74319K, committed 75904K, reserved 1179648K
  class space    used 7829K, committed 8576K, reserved 1048576K
}
Event: 318.996 GC heap after
{Heap after GC invocations=1433 (full 3):
 PSYoungGen      total 3584K, used 512K [0x00000000eab00000, 0x00000000eb000000, 0x0000000100000000)
  eden space 3072K, 0% used [0x00000000eab00000,0x00000000eab00000,0x00000000eae00000)
  from space 512K, 100% used [0x00000000eae80000,0x00000000eaf00000,0x00000000eaf00000)
  to   space 1024K, 0% used [0x00000000eaf00000,0x00000000eaf00000,0x00000000eb000000)
 ParOldGen       total 528896K, used 528431K [0x00000000c0000000, 0x00000000e0480000, 0x00000000eab00000)
  object space 528896K, 99% used [0x00000000c0000000,0x00000000e040bfd0,0x00000000e0480000)
 Metaspace       used 74319K, committed 75904K, reserved 1179648K
  class space    used 7829K, committed 8576K, reserved 1048576K
}
Event: 319.058 GC heap before
{Heap before GC invocations=1434 (full 3):
 PSYoungGen      total 3584K, used 3584K [0x00000000eab00000, 0x00000000eb000000, 0x0000000100000000)
  eden space 3072K, 100% used [0x00000000eab00000,0x00000000eae00000,0x00000000eae00000)
  from space 512K, 100% used [0x00000000eae80000,0x00000000eaf00000,0x00000000eaf00000)
  to   space 1024K, 0% used [0x00000000eaf00000,0x00000000eaf00000,0x00000000eb000000)
 ParOldGen       total 528896K, used 528431K [0x00000000c0000000, 0x00000000e0480000, 0x00000000eab00000)
  object space 528896K, 99% used [0x00000000c0000000,0x00000000e040bfd0,0x00000000e0480000)
 Metaspace       used 74334K, committed 75904K, reserved 1179648K
  class space    used 7830K, committed 8576K, reserved 1048576K
}
Event: 319.059 GC heap after
{Heap after GC invocations=1434 (full 3):
 PSYoungGen      total 4096K, used 602K [0x00000000eab00000, 0x00000000eb000000, 0x0000000100000000)
  eden space 3072K, 0% used [0x00000000eab00000,0x00000000eab00000,0x00000000eae00000)
  from space 1024K, 58% used [0x00000000eaf00000,0x00000000eaf96900,0x00000000eb000000)
  to   space 1024K, 0% used [0x00000000eae00000,0x00000000eae00000,0x00000000eaf00000)
 ParOldGen       total 528896K, used 528631K [0x00000000c0000000, 0x00000000e0480000, 0x00000000eab00000)
  object space 528896K, 99% used [0x00000000c0000000,0x00000000e043dfd0,0x00000000e0480000)
 Metaspace       used 74334K, committed 75904K, reserved 1179648K
  class space    used 7830K, committed 8576K, reserved 1048576K
}
Event: 319.063 GC heap before
{Heap before GC invocations=1435 (full 3):
 PSYoungGen      total 4096K, used 3663K [0x00000000eab00000, 0x00000000eb000000, 0x0000000100000000)
  eden space 3072K, 99% used [0x00000000eab00000,0x00000000eadfd6d0,0x00000000eae00000)
  from space 1024K, 58% used [0x00000000eaf00000,0x00000000eaf96900,0x00000000eb000000)
  to   space 1024K, 0% used [0x00000000eae00000,0x00000000eae00000,0x00000000eaf00000)
 ParOldGen       total 528896K, used 528631K [0x00000000c0000000, 0x00000000e0480000, 0x00000000eab00000)
  object space 528896K, 99% used [0x00000000c0000000,0x00000000e043dfd0,0x00000000e0480000)
 Metaspace       used 74341K, committed 75968K, reserved 1179648K
  class space    used 7831K, committed 8576K, reserved 1048576K
}
Event: 319.064 GC heap after
{Heap after GC invocations=1435 (full 3):
 PSYoungGen      total 4096K, used 968K [0x00000000eab00000, 0x00000000eb100000, 0x0000000100000000)
  eden space 3072K, 0% used [0x00000000eab00000,0x00000000eab00000,0x00000000eae00000)
  from space 1024K, 94% used [0x00000000eae00000,0x00000000eaef20a0,0x00000000eaf00000)
  to   space 1536K, 0% used [0x00000000eaf80000,0x00000000eaf80000,0x00000000eb100000)
 ParOldGen       total 529408K, used 529012K [0x00000000c0000000, 0x00000000e0500000, 0x00000000eab00000)
  object space 529408K, 99% used [0x00000000c0000000,0x00000000e049d1e0,0x00000000e0500000)
 Metaspace       used 74341K, committed 75968K, reserved 1179648K
  class space    used 7831K, committed 8576K, reserved 1048576K
}
Event: 319.081 GC heap before
{Heap before GC invocations=1436 (full 3):
 PSYoungGen      total 4096K, used 4040K [0x00000000eab00000, 0x00000000eb100000, 0x0000000100000000)
  eden space 3072K, 100% used [0x00000000eab00000,0x00000000eae00000,0x00000000eae00000)
  from space 1024K, 94% used [0x00000000eae00000,0x00000000eaef20a0,0x00000000eaf00000)
  to   space 1536K, 0% used [0x00000000eaf80000,0x00000000eaf80000,0x00000000eb100000)
 ParOldGen       total 529408K, used 529012K [0x00000000c0000000, 0x00000000e0500000, 0x00000000eab00000)
  object space 529408K, 99% used [0x00000000c0000000,0x00000000e049d1e0,0x00000000e0500000)
 Metaspace       used 74451K, committed 76096K, reserved 1179648K
  class space    used 7848K, committed 8640K, reserved 1048576K
}
Event: 319.082 GC heap after
{Heap after GC invocations=1436 (full 3):
 PSYoungGen      total 4096K, used 576K [0x00000000eab00000, 0x00000000eb080000, 0x0000000100000000)
  eden space 3072K, 0% used [0x00000000eab00000,0x00000000eab00000,0x00000000eae00000)
  from space 1024K, 56% used [0x00000000eaf80000,0x00000000eb010000,0x00000000eb080000)
  to   space 1024K, 0% used [0x00000000eae00000,0x00000000eae00000,0x00000000eaf00000)
 ParOldGen       total 529920K, used 529739K [0x00000000c0000000, 0x00000000e0580000, 0x00000000eab00000)
  object space 529920K, 99% used [0x00000000c0000000,0x00000000e0552fb0,0x00000000e0580000)
 Metaspace       used 74451K, committed 76096K, reserved 1179648K
  class space    used 7848K, committed 8640K, reserved 1048576K
}

